Flutter crash report.
Please report a bug at https://github.com/flutter/flutter/issues.

## command

flutter --quiet assemble --no-version-check --depfile D:\AkashProject\car_bulao_driver\car_bulao_driver\build\app\intermediates\flutter\debug/flutter_build.d --output D:\AkashProject\car_bulao_driver\car_bulao_driver\build\app\intermediates\flutter\debug -dTargetFile=D:\AkashProject\car_bulao_driver\car_bulao_driver\lib\main.dart -dTargetPlatform=android -dBuildMode=debug -dTrackWidgetCreation=true --DartDefines=Zmx1dHRlci5pbnNwZWN0b3Iuc3RydWN0dXJlZEVycm9ycz10cnVl,RkxVVFRFUl9XRUJfQVVUT19ERVRFQ1Q9dHJ1ZQ==,RkxVVFRFUl9XRUJfQ0FOVkFTS0lUX1VSTD1odHRwczovL3d3dy5nc3RhdGljLmNvbS9mbHV0dGVyLWNhbnZhc2tpdC9iMjAxODNlMDQwOTYwOTRiY2MzN2Q5Y2RlMmE0Yjk2ZjVjYzY4NGNmLw== debug_android_application

## exception

FileSystemException: FileSystemException: Failed to decode data using encoding 'utf-8', path = 'D:\AkashProject\car_bulao_driver\car_bulao_driver\.dart_tool\flutter_build\f8e1ecbf56e42ce30bf90998d4b57571\kernel_snapshot.d'

```
#0      _File._tryDecode (dart:io/file_impl.dart:615:7)
#1      _File.readAsStringSync (dart:io/file_impl.dart:624:7)
#2      ForwardingFile.readAsStringSync (package:file/src/forwarding/forwarding_file.dart:99:16)
#3      ErrorHandlingFile.readAsStringSync.<anonymous closure> (package:flutter_tools/src/base/error_handling_io.dart:218:22)
#4      _runSync (package:flutter_tools/src/base/error_handling_io.dart:590:14)
#5      ErrorHandlingFile.readAsStringSync (package:flutter_tools/src/base/error_handling_io.dart:217:12)
#6      SourceVisitor.visitDepfile (package:flutter_tools/src/build_system/source.dart:55:37)
#7      List.forEach (dart:core-patch/growable_array.dart:416:8)
#8      Target._resolveConfiguration (package:flutter_tools/src/build_system/build_system.dart:251:14)
#9      Target.resolveInputs (package:flutter_tools/src/build_system/build_system.dart:196:12)
#10     Target._toNode (package:flutter_tools/src/build_system/build_system.dart:149:39)
#11     Target._toNode (package:flutter_tools/src/build_system/build_system.dart:156:58)
#12     FlutterBuildSystem.build (package:flutter_tools/src/build_system/build_system.dart:609:30)
#13     AssembleCommand.runCommand (package:flutter_tools/src/commands/assemble.dart:315:51)
#14     FlutterCommand.verifyThenRunCommand (package:flutter_tools/src/runner/flutter_command.dart:1616:12)
<asynchronous suspension>
#15     FlutterCommand.run.<anonymous closure> (package:flutter_tools/src/runner/flutter_command.dart:1297:27)
<asynchronous suspension>
#16     AppContext.run.<anonymous closure> (package:flutter_tools/src/base/context.dart:150:19)
<asynchronous suspension>
#17     CommandRunner.runCommand (package:args/command_runner.dart:212:13)
<asynchronous suspension>
#18     FlutterCommandRunner.runCommand.<anonymous closure> (package:flutter_tools/src/runner/flutter_command_runner.dart:339:9)
<asynchronous suspension>
#19     AppContext.run.<anonymous closure> (package:flutter_tools/src/base/context.dart:150:19)
<asynchronous suspension>
#20     FlutterCommandRunner.runCommand (package:flutter_tools/src/runner/flutter_command_runner.dart:285:5)
<asynchronous suspension>
#21     run.<anonymous closure>.<anonymous closure> (package:flutter_tools/runner.dart:115:9)
<asynchronous suspension>
#22     AppContext.run.<anonymous closure> (package:flutter_tools/src/base/context.dart:150:19)
<asynchronous suspension>
#23     main (package:flutter_tools/executable.dart:90:3)
<asynchronous suspension>
```

## flutter doctor

```
[✓] Flutter (Channel stable, 3.13.2, on Microsoft Windows [Version 10.0.19045.3324], locale en-US)
    • Flutter version 3.13.2 on channel stable at E:\FlutterDev\src\flutter
    • Upstream repository https://github.com/flutter/flutter.git
    • Framework revision ff5b5b5fa6 (3 weeks ago), 2023-08-24 08:12:28 -0500
    • Engine revision b20183e040
    • Dart version 3.1.0
    • DevTools version 2.25.0

[✓] Windows Version (Installed version of Windows is version 10 or higher)

[!] Android toolchain - develop for Android devices (Android SDK version 34.0.0)
    • Android SDK at C:\Users\Shivani\AppData\Local\Android\sdk
    • Platform android-34, build-tools 34.0.0
    • Java binary at: C:\Program Files\Android\Android Studio\jre\bin\java
    • Java version OpenJDK Runtime Environment (build 11.0.12+7-b1504.28-7817840)
    ✗ Android license status unknown.
      Run `flutter doctor --android-licenses` to accept the SDK licenses.
      See https://flutter.dev/docs/get-started/install/windows#android-setup for more details.

[✓] Chrome - develop for the web
    • Chrome at C:\Program Files\Google\Chrome\Application\chrome.exe

[✗] Visual Studio - develop Windows apps
    ✗ Visual Studio not installed; this is necessary to develop Windows apps.
      Download at https://visualstudio.microsoft.com/downloads/.
      Please install the "Desktop development with C++" workload, including all of its default components

[✓] Android Studio (version 2021.2)
    • Android Studio at C:\Program Files\Android\Android Studio
    • Flutter plugin can be installed from:
      🔨 https://plugins.jetbrains.com/plugin/9212-flutter
    • Dart plugin can be installed from:
      🔨 https://plugins.jetbrains.com/plugin/6351-dart
    • Java version OpenJDK Runtime Environment (build 11.0.12+7-b1504.28-7817840)

[✓] Connected device (3 available)
    • Windows (desktop) • windows • windows-x64    • Microsoft Windows [Version 10.0.19045.3324]
    • Chrome (web)      • chrome  • web-javascript • Google Chrome 116.0.5845.187
    • Edge (web)        • edge    • web-javascript • Microsoft Edge 116.0.1938.76

[✓] Network resources
    • All expected network resources are available.

! Doctor found issues in 2 categories.
```
