Flutter crash report.
Please report a bug at https://github.com/flutter/flutter/issues.

## command

flutter --quiet assemble --no-version-check --depfile D:\AkashProject\car_bulao_driver\car_bulao_driver\build\app\intermediates\flutter\debug/flutter_build.d --output D:\AkashProject\car_bulao_driver\car_bulao_driver\build\app\intermediates\flutter\debug -dTargetFile=D:\AkashProject\car_bulao_driver\car_bulao_driver\lib\main.dart -dTargetPlatform=android -dBuildMode=debug -dTrackWidgetCreation=true --DartDefines=Zmx1dHRlci5pbnNwZWN0b3Iuc3RydWN0dXJlZEVycm9ycz10cnVl,RkxVVFRFUl9XRUJfQVVUT19ERVRFQ1Q9dHJ1ZQ==,RkxVVFRFUl9XRUJfQ0FOVkFTS0lUX1VSTD1odHRwczovL3d3dy5nc3RhdGljLmNvbS9mbHV0dGVyLWNhbnZhc2tpdC85MDY0NDU5YThiMGRjZDMyODc3MTA3ZjYwMDJjYzQyOWE3MTY1OWQxLw== debug_android_application

## exception

FileSystemException: FileSystemException: Failed to decode data using encoding 'utf-8', path = 'D:\AkashProject\car_bulao_driver\car_bulao_driver\.dart_tool\flutter_build\aa132123051b5a37ef0d893105c434ed\debug_android_application.stamp'

```
#0      _File._tryDecode (dart:io/file_impl.dart:615:7)
#1      _File.readAsStringSync (dart:io/file_impl.dart:624:7)
#2      ForwardingFile.readAsStringSync (package:file/src/forwarding/forwarding_file.dart:99:16)
#3      ErrorHandlingFile.readAsStringSync.<anonymous closure> (package:flutter_tools/src/base/error_handling_io.dart:218:22)
#4      _runSync (package:flutter_tools/src/base/error_handling_io.dart:590:14)
#5      ErrorHandlingFile.readAsStringSync (package:flutter_tools/src/base/error_handling_io.dart:217:12)
#6      new Node (package:flutter_tools/src/build_system/build_system.dart:992:34)
#7      Target._toNode (package:flutter_tools/src/build_system/build_system.dart:151:12)
#8      FlutterBuildSystem.build (package:flutter_tools/src/build_system/build_system.dart:609:30)
#9      AssembleCommand.runCommand (package:flutter_tools/src/commands/assemble.dart:315:51)
#10     FlutterCommand.verifyThenRunCommand (package:flutter_tools/src/runner/flutter_command.dart:1616:12)
<asynchronous suspension>
#11     FlutterCommand.run.<anonymous closure> (package:flutter_tools/src/runner/flutter_command.dart:1297:27)
<asynchronous suspension>
#12     AppContext.run.<anonymous closure> (package:flutter_tools/src/base/context.dart:150:19)
<asynchronous suspension>
#13     CommandRunner.runCommand (package:args/command_runner.dart:212:13)
<asynchronous suspension>
#14     FlutterCommandRunner.runCommand.<anonymous closure> (package:flutter_tools/src/runner/flutter_command_runner.dart:339:9)
<asynchronous suspension>
#15     AppContext.run.<anonymous closure> (package:flutter_tools/src/base/context.dart:150:19)
<asynchronous suspension>
#16     FlutterCommandRunner.runCommand (package:flutter_tools/src/runner/flutter_command_runner.dart:285:5)
<asynchronous suspension>
#17     run.<anonymous closure>.<anonymous closure> (package:flutter_tools/runner.dart:115:9)
<asynchronous suspension>
#18     AppContext.run.<anonymous closure> (package:flutter_tools/src/base/context.dart:150:19)
<asynchronous suspension>
#19     main (package:flutter_tools/executable.dart:90:3)
<asynchronous suspension>
```

## flutter doctor

```
[✓] Flutter (Channel stable, 3.13.4, on Microsoft Windows [Version 10.0.19045.3448], locale en-US)
    • Flutter version 3.13.4 on channel stable at E:\FlutterDev\src\flutter
    • Upstream repository https://github.com/flutter/flutter.git
    • Framework revision 367f9ea16b (7 days ago), 2023-09-12 23:27:53 -0500
    • Engine revision 9064459a8b
    • Dart version 3.1.2
    • DevTools version 2.25.0

[✓] Windows Version (Installed version of Windows is version 10 or higher)

[✓] Android toolchain - develop for Android devices (Android SDK version 34.0.0)
    • Android SDK at C:/Users/Shivani/AppData/Local/Android/Sdk
    • Platform android-34, build-tools 34.0.0
    • ANDROID_HOME = C:/Users/Shivani/AppData/Local/Android/Sdk
    • Java binary at: C:\Program Files\Android\Android Studio\jbr\bin\java
    • Java version OpenJDK Runtime Environment (build 17.0.6+0-b2043.56-10027231)
    • All Android licenses accepted.

[✓] Chrome - develop for the web
    • Chrome at C:\Program Files\Google\Chrome\Application\chrome.exe

[✗] Visual Studio - develop Windows apps
    ✗ Visual Studio not installed; this is necessary to develop Windows apps.
      Download at https://visualstudio.microsoft.com/downloads/.
      Please install the "Desktop development with C++" workload, including all of its default components

[✓] Android Studio (version 2022.3)
    • Android Studio at C:\Program Files\Android\Android Studio
    • Flutter plugin can be installed from:
      🔨 https://plugins.jetbrains.com/plugin/9212-flutter
    • Dart plugin can be installed from:
      🔨 https://plugins.jetbrains.com/plugin/6351-dart
    • Java version OpenJDK Runtime Environment (build 17.0.6+0-b2043.56-10027231)

[✓] Connected device (4 available)
    • SM J700F (mobile) • 330035bbceedb3bb • android-arm    • Android 6.0.1 (API 23)
    • Windows (desktop) • windows          • windows-x64    • Microsoft Windows [Version 10.0.19045.3448]
    • Chrome (web)      • chrome           • web-javascript • Google Chrome 116.0.5845.188
    • Edge (web)        • edge             • web-javascript • Microsoft Edge 117.0.2045.31

[✓] Network resources
    • All expected network resources are available.

! Doctor found issues in 1 category.
```
